#
# There is insufficient memory for the Java Runtime Environment to continue.
# Native memory allocation (mmap) failed to map 536870912 bytes for G1 virtual space
# Possible reasons:
#   The system is out of physical RAM or swap space
#   The process is running with CompressedOops enabled, and the Java Heap may be blocking the growth of the native heap
# Possible solutions:
#   Reduce memory load on the system
#   Increase physical memory or swap space
#   Check if swap backing store is full
#   Decrease Java heap size (-Xmx/-Xms)
#   Decrease number of Java threads
#   Decrease Java thread stack sizes (-Xss)
#   Set larger code cache with -XX:ReservedCodeCacheSize=
#   JVM is running with Zero Based Compressed Oops mode in which the Java heap is
#     placed in the first 32GB address space. The Java Heap base address is the
#     maximum limit for the native heap growth. Please use -XX:HeapBaseMinAddress
#     to set the Java Heap base and to place the Java Heap above 32GB virtual address.
# This output file may be truncated or incomplete.
#
#  Out of Memory Error (./open/src/hotspot/os/windows/os_windows.cpp:3321), pid=27272, tid=8408
#
# JRE version:  (15.0.2+7) (build )
# Java VM: OpenJDK 64-Bit Server VM (15.0.2+7-27, mixed mode, sharing, tiered, compressed oops, g1 gc, windows-amd64)
# No core dump will be written. Minidumps are not enabled by default on client versions of Windows
#

---------------  S U M M A R Y ------------

Command Line: -Dfile.encoding=windows-1252 -Duser.country=US -Duser.language=en -Duser.variant com.example.demo.DemoApplication

Host: Intel(R) Core(TM) i7-9700K CPU @ 3.60GHz, 8 cores, 31G,  Windows 10 , 64 bit Build 19041 (10.0.19041.804)
Time: Tue Feb 23 14:34:17 2021 Central Standard Time elapsed time: 2.387331 seconds (0d 0h 0m 2s)

---------------  T H R E A D  ---------------

Current thread (0x0000022d34616090):  JavaThread "Unknown thread" [_thread_in_vm, id=8408, stack(0x000000ab50c00000,0x000000ab50d00000)]

Stack: [0x000000ab50c00000,0x000000ab50d00000]
Native frames: (J=compiled Java code, j=interpreted, Vv=VM code, C=native code)
V  [jvm.dll+0x62ae9a]
V  [jvm.dll+0x7817a9]
V  [jvm.dll+0x782f03]
V  [jvm.dll+0x783563]
V  [jvm.dll+0x216325]
V  [jvm.dll+0x6281d9]
V  [jvm.dll+0x61cf55]
V  [jvm.dll+0x2cffdd]
V  [jvm.dll+0x2cfe42]
V  [jvm.dll+0x2d5e1c]
V  [jvm.dll+0x32590a]
V  [jvm.dll+0x324fd4]
V  [jvm.dll+0x2a6f5a]
V  [jvm.dll+0x2a80f8]
V  [jvm.dll+0x75e241]
V  [jvm.dll+0x3341c4]
V  [jvm.dll+0x73e926]
V  [jvm.dll+0x3b7557]
V  [jvm.dll+0x3b8fe1]
C  [jli.dll+0x52fb]
C  [ucrtbase.dll+0x21bb2]
C  [KERNEL32.DLL+0x17034]
C  [ntdll.dll+0x4d241]


---------------  P R O C E S S  ---------------

Threads class SMR info:
_java_thread_list=0x00007ff854514ff0, length=0, elements={
}

Java Threads: ( => current thread )

Other Threads:
  0x0000022d3468d6f0 GCTaskThread "GC Thread#0" [stack: 0x000000ab50d00000,0x000000ab50e00000] [id=26324]
  0x0000022d3469ed70 ConcurrentGCThread "G1 Main Marker" [stack: 0x000000ab50e00000,0x000000ab50f00000] [id=21680]
  0x0000022d3469f870 ConcurrentGCThread "G1 Conc#0" [stack: 0x000000ab50f00000,0x000000ab51000000] [id=26284]

[error occurred during error reporting (printing all threads), id 0xc0000005, EXCEPTION_ACCESS_VIOLATION (0xc0000005) at pc=0x00007ff853d07e27]

VM state: not at safepoint (not fully initialized)

VM Mutex/Monitor currently owned by a thread:  ([mutex/lock_event])
[0x0000022d34611530] Heap_lock - owner thread: 0x0000022d34616090

Heap address: 0x0000000603000000, size: 8144 MB, Compressed Oops mode: Zero based, Oop shift amount: 3
CDS archive(s) mapped at: [0x0000000000000000-0x0000000000000000-0x0000000000000000), size 0, SharedBaseAddress: 0x0000000800000000, ArchiveRelocationMode: 0.
Narrow klass base: 0x0000000000000000, Narrow klass shift: 0, Narrow klass range: 0x0

Heap:
 garbage-first heap   total 524288K, used 0K [0x0000000603000000, 0x0000000800000000)
  region size 4096K, 0 young (0K), 0 survivors (0K)
 Metaspace       used 0K, capacity 0K, committed 0K, reserved 0K
  class space    used 0K, capacity 0K, committed 0K, reserved 0K

Heap Regions: E=young(eden), S=young(survivor), O=old, HS=humongous(starts), HC=humongous(continues), CS=collection set, F=free, OA=open archive, CA=closed archive, TAMS=top-at-mark-start (previous, next)

Card table byte_map: [0x0000022d4cb60000,0x0000022d4db50000] _byte_map_base: 0x0000022d49b48000

Marking Bits (Prev, Next): (CMBitMap*) 0x0000022d3468ddf0, (CMBitMap*) 0x0000022d3468de30
 Prev Bits: [0x0000022d4eb40000, 0x0000022d56a80000)
 Next Bits: [0x0000022d56a80000, 0x0000022d5e9c0000)

GC Heap History (0 events):
No events

Deoptimization events (0 events):
No events

Classes unloaded (0 events):
No events

Classes redefined (0 events):
No events

Internal exceptions (0 events):
No events

Events (1 events):
Event: 0.035 Loaded shared library C:\Users\jaded\.jdks\openjdk-15.0.2\bin\java.dll


Dynamic libraries:
0x00007ff775580000 - 0x00007ff77558d000 	C:\Users\jaded\.jdks\openjdk-15.0.2\bin\java.exe
0x00007ff8e26b0000 - 0x00007ff8e28a6000 	C:\WINDOWS\SYSTEM32\ntdll.dll
0x00007ff8e1fc0000 - 0x00007ff8e207d000 	C:\WINDOWS\System32\KERNEL32.DLL
0x00007ff8dfdf0000 - 0x00007ff8e00b9000 	C:\WINDOWS\System32\KERNELBASE.dll
0x00007ff8e0500000 - 0x00007ff8e0600000 	C:\WINDOWS\System32\ucrtbase.dll
0x00007ff8c9020000 - 0x00007ff8c9039000 	C:\Users\jaded\.jdks\openjdk-15.0.2\bin\VCRUNTIME140.dll
0x00007ff8c9040000 - 0x00007ff8c9058000 	C:\Users\jaded\.jdks\openjdk-15.0.2\bin\jli.dll
0x00007ff8e1460000 - 0x00007ff8e1600000 	C:\WINDOWS\System32\USER32.dll
0x00007ff8e04a0000 - 0x00007ff8e04c2000 	C:\WINDOWS\System32\win32u.dll
0x00007ff8e0710000 - 0x00007ff8e073a000 	C:\WINDOWS\System32\GDI32.dll
0x00007ff8d3350000 - 0x00007ff8d35eb000 	C:\WINDOWS\WinSxS\amd64_microsoft.windows.common-controls_6595b64144ccf1df_6.0.19041.746_none_ca02b4b61b8320a4\COMCTL32.dll
0x00007ff8e0340000 - 0x00007ff8e044b000 	C:\WINDOWS\System32\gdi32full.dll
0x00007ff8e1600000 - 0x00007ff8e169e000 	C:\WINDOWS\System32\msvcrt.dll
0x00007ff8e02a0000 - 0x00007ff8e033d000 	C:\WINDOWS\System32\msvcp_win.dll
0x00007ff8e16a0000 - 0x00007ff8e16d0000 	C:\WINDOWS\System32\IMM32.DLL
0x00007ff8ce9f0000 - 0x00007ff8ce9fc000 	C:\Users\jaded\.jdks\openjdk-15.0.2\bin\vcruntime140_1.dll
0x00007ff8842e0000 - 0x00007ff884371000 	C:\Users\jaded\.jdks\openjdk-15.0.2\bin\msvcp140.dll
0x00007ff853a50000 - 0x00007ff8545ae000 	C:\Users\jaded\.jdks\openjdk-15.0.2\bin\server\jvm.dll
0x00007ff8e1aa0000 - 0x00007ff8e1b4c000 	C:\WINDOWS\System32\ADVAPI32.dll
0x00007ff8e16e0000 - 0x00007ff8e177c000 	C:\WINDOWS\System32\sechost.dll
0x00007ff8e1330000 - 0x00007ff8e145b000 	C:\WINDOWS\System32\RPCRT4.dll
0x00007ff8e19d0000 - 0x00007ff8e19d8000 	C:\WINDOWS\System32\PSAPI.DLL
0x00007ff8da070000 - 0x00007ff8da07a000 	C:\WINDOWS\SYSTEM32\VERSION.dll
0x00007ff8d4830000 - 0x00007ff8d4839000 	C:\WINDOWS\SYSTEM32\WSOCK32.dll
0x00007ff8d0640000 - 0x00007ff8d0667000 	C:\WINDOWS\SYSTEM32\WINMM.dll
0x00007ff8e1960000 - 0x00007ff8e19cb000 	C:\WINDOWS\System32\WS2_32.dll
0x00007ff8de6f0000 - 0x00007ff8de702000 	C:\WINDOWS\SYSTEM32\kernel.appcore.dll
0x00007ff8c9010000 - 0x00007ff8c901a000 	C:\Users\jaded\.jdks\openjdk-15.0.2\bin\jimage.dll
0x00007ff8de360000 - 0x00007ff8de544000 	C:\WINDOWS\SYSTEM32\DBGHELP.DLL
0x00007ff8d7a80000 - 0x00007ff8d7aac000 	C:\WINDOWS\SYSTEM32\dbgcore.DLL
0x00007ff8e0220000 - 0x00007ff8e02a0000 	C:\WINDOWS\System32\bcryptPrimitives.dll
0x00007ff8c78a0000 - 0x00007ff8c78c5000 	C:\Users\jaded\.jdks\openjdk-15.0.2\bin\java.dll

dbghelp: loaded successfully - version: 4.0.5 - missing functions: none
symbol engine: initialized successfully - sym options: 0x614 - pdb path: .;C:\Users\jaded\.jdks\openjdk-15.0.2\bin;C:\WINDOWS\SYSTEM32;C:\WINDOWS\WinSxS\amd64_microsoft.windows.common-controls_6595b64144ccf1df_6.0.19041.746_none_ca02b4b61b8320a4;C:\Users\jaded\.jdks\openjdk-15.0.2\bin\server

VM Arguments:
jvm_args: -Dfile.encoding=windows-1252 -Duser.country=US -Duser.language=en -Duser.variant 
java_command: com.example.demo.DemoApplication
java_class_path (initial): D:\School\Java Projects 2\demo\build\classes\java\main;D:\School\Java Projects 2\demo\build\resources\main;C:\Users\jaded\.gradle\caches\modules-2\files-2.1\org.springframework.boot\spring-boot-devtools\2.4.2\ec2d5d1d6684d1e817db60e4066e8b6581defeae\spring-boot-devtools-2.4.2.jar;C:\Users\jaded\.gradle\caches\modules-2\files-2.1\org.springframework.boot\spring-boot-starter-data-jpa\2.4.2\4c703d6746355d0d894fc22488c8756b8fe25d29\spring-boot-starter-data-jpa-2.4.2.jar;C:\Users\jaded\.gradle\caches\modules-2\files-2.1\org.springframework.boot\spring-boot-starter-security\2.4.2\95e705128da824bfb81d43e4ec199826a6b37107\spring-boot-starter-security-2.4.2.jar;C:\Users\jaded\.gradle\caches\modules-2\files-2.1\org.springframework.boot\spring-boot-starter-thymeleaf\2.4.2\cc5939284a54fa5295c551b50e14dc3995b4a101\spring-boot-starter-thymeleaf-2.4.2.jar;C:\Users\jaded\.gradle\caches\modules-2\files-2.1\org.springframework.boot\spring-boot-starter-validation\2.4.2\ae13cc501335a416adc3c88502540ba11c77317\spring-boot-starter-validation-2.4.2.jar;C:\Users\jaded\.gradle\caches\modules-2\files-2.1\org.springframework.boot\spring-boot-starter-web\2.4.2\b61aa5408a80c4d0c0e5730b115066aaf90c61\spring-boot-starter-web-2.4.2.jar;C:\Users\jaded\.gradle\caches\modules-2\files-2.1\org.thymeleaf.extras\thymeleaf-extras-springsecurity5\3.0.4.RELEASE\88bb10bf73ce285208dd848e8eb17f897ebb02d4\thymeleaf-extras-springsecurity5-3.0.4.RELEASE.jar;C:\Users\jaded\.gradle\caches\modules-2\files-2.1\org.ocpsoft.prettytime\prettytime\5.0.0.Final\8f99f8882fa991cbfa58bc16225bd5bdf54829db\prettytime-5.0.0.Final.jar;C:\Users\jaded\.gradle\caches\modules-2\files-2.1\com.h2database\h2\1.4.200\f7533fe7cb8e99c87a43d325a77b4b678ad9031a\h2-1.4.200.jar;C:\Users\jaded\.gradle\caches\modules-2\files-2.1\org.springframework.boot\spring-boot-starter-aop\2.4.2\442c08d70de18d5b1ddc903d1113eb8354690c1b\spring-boot-starter-aop-2.4.2.jar;C:\Users\jaded\.gradle\caches\modules-2\files-2.1\org.springf
Launcher Type: SUN_STANDARD

[Global flags]
     intx CICompilerCount                          = 4                                         {product} {ergonomic}
     uint ConcGCThreads                            = 2                                         {product} {ergonomic}
     uint G1ConcRefinementThreads                  = 8                                         {product} {ergonomic}
   size_t G1HeapRegionSize                         = 4194304                                   {product} {ergonomic}
    uintx GCDrainStackTargetSize                   = 64                                        {product} {ergonomic}
   size_t InitialHeapSize                          = 536870912                                 {product} {ergonomic}
   size_t MarkStackSize                            = 4194304                                   {product} {ergonomic}
   size_t MaxHeapSize                              = 8539602944                                {product} {ergonomic}
   size_t MinHeapDeltaBytes                        = 4194304                                   {product} {ergonomic}
   size_t MinHeapSize                              = 8388608                                   {product} {ergonomic}
    uintx NonNMethodCodeHeapSize                   = 5839372                                {pd product} {ergonomic}
    uintx NonProfiledCodeHeapSize                  = 122909434                              {pd product} {ergonomic}
    uintx ProfiledCodeHeapSize                     = 122909434                              {pd product} {ergonomic}
    uintx ReservedCodeCacheSize                    = 251658240                              {pd product} {ergonomic}
     bool SegmentedCodeCache                       = true                                      {product} {ergonomic}
   size_t SoftMaxHeapSize                          = 8539602944                             {manageable} {ergonomic}
     bool UseCompressedClassPointers               = true                                 {lp64_product} {ergonomic}
     bool UseCompressedOops                        = true                                 {lp64_product} {ergonomic}
     bool UseG1GC                                  = true                                      {product} {ergonomic}
     bool UseLargePagesIndividualAllocation        = false                                  {pd product} {ergonomic}

Logging:
Log output configuration:
 #0: stdout all=warning uptime,level,tags
 #1: stderr all=off uptime,level,tags

Environment Variables:
PATH=C:\Program Files (x86)\Common Files\Oracle\Java\javapath;C:\Python39\Scripts\;C:\Python39\;C:\Windows\system32;C:\Windows;C:\Windows\System32\Wbem;C:\Windows\System32\WindowsPowerShell\v1.0\;C:\Windows\System32\OpenSSH\;C:\Program Files (x86)\NVIDIA Corporation\PhysX\Common;C:\Program Files (x86)\Intel\Intel(R) Management Engine Components\DAL;C:\Program Files\Intel\Intel(R) Management Engine Components\DAL;C:\Program Files\NVIDIA Corporation\NVIDIA NvDLISR;C:\ProgramData\chocolatey\bin;C:\Program Files\nodejs\;C:\WINDOWS\system32;C:\WINDOWS;C:\WINDOWS\System32\Wbem;C:\WINDOWS\System32\WindowsPowerShell\v1.0\;C:\WINDOWS\System32\OpenSSH\;D:\School\School programs\Git\cmd;C:\Program Files\dotnet\;C:\Program Files\MySQL\MySQL Shell 8.0\bin\;C:\Users\jaded\AppData\Local\Microsoft\WindowsApps;C:\Users\jaded\AppData\Local\GitHubDesktop\bin;C:\Users\jaded\AppData\Roaming\npm;C:\Users\jaded\AppData\Local\Programs\Microsoft VS Code\bin;
USERNAME=Sarah
OS=Windows_NT
PROCESSOR_IDENTIFIER=Intel64 Family 6 Model 158 Stepping 13, GenuineIntel



---------------  S Y S T E M  ---------------

OS:
 Windows 10 , 64 bit Build 19041 (10.0.19041.804)
OS uptime: 13 days 11:17 hours

CPU: total 8 (initial active 8) (8 cores per cpu, 1 threads per core) family 6 model 158 stepping 13 microcode 0xd6, cmov, cx8, fxsr, mmx, sse, sse2, sse3, ssse3, sse4.1, sse4.2, popcnt, vzeroupper, avx, avx2, aes, clmul, erms, 3dnowpref, lzcnt, tsc, tscinvbit, bmi1, bmi2, adx, fma, clflush, clflushopt

Memory: 4k page, system-wide physical 32574M (1188M free)
TotalPageFile size 54343M (AvailPageFile size 168M)
current process WorkingSet (physical memory assigned to process): 10M, peak: 10M
current process commit charge ("private bytes"): 60M, peak: 572M

vm_info: OpenJDK 64-Bit Server VM (15.0.2+7-27) for windows-amd64 JRE (15.0.2+7-27), built on Dec  7 2020 20:02:38 by "mach5one" with unknown MS VC++:1925

END.
